2021-02-25 17:01:42.735 170130341 TRACE Lorem ipsum dolor sit amet, consectetur adipiscing elit.
2021-02-25 17:01:43.000 170130341 OFF Donec et dolor placerat, tempor elit et, hendrerit nibh.
2021-02-25 17:01:43.407 170130341 TRACE Curabitur a tortor sed mauris ultricies sodales accumsan non turpis.
2021-02-25 17:01:43.538 170130341 DEBUG Phasellus at sem aliquam, cursus elit eu, luctus dolor.
2021-02-25 17:01:43.646 170130341 ERROR Cras sed mauris sed est bibendum vulputate.
2021-02-25 17:01:43.846 170130341 INFO Nullam sagittis nulla quis mi pulvinar, at egestas eros maximus.
2021-02-25 17:01:43.996 170130341 DEBUG Ut finibus magna id fringilla scelerisque.
2021-02-25 17:01:44.368 170130341 INFO Aenean et eros eu lectus varius aliquam quis in tortor.
2021-02-25 17:01:44.519 170130341 TRACE Sed vel felis quis turpis vehicula venenatis ac id tortor.
2021-02-25 17:01:44.629 170130341 TRACE Pellentesque congue est nec orci vulputate aliquam.
2021-02-25 17:01:44.738 170130341 INFO Sed in est eget nisi lacinia malesuada at a odio.
2021-02-25 17:01:45.014 170130341 ERROR Etiam a magna tempor, condimentum ligula eget, blandit lacus.
2021-02-25 17:01:45.120 170130341 WARN Aenean blandit metus bibendum urna maximus, a congue arcu semper.
2021-02-25 17:01:45.233 170130341 WARN Praesent ut purus et purus vestibulum feugiat a id nisi.
2021-02-25 17:01:45.342 170130341 INFO Suspendisse vel felis convallis, sollicitudin enim eget, efficitur nulla.
2021-02-25 17:01:45.450 170130341 OFF Quisque eu risus ac orci ultrices sollicitudin.
2021-02-25 17:01:45.568 170130341 DEBUG In ultricies quam ac orci hendrerit semper.
2021-02-25 17:01:45.694 170130341 OFF Nam a sapien et ipsum volutpat tempus a fringilla quam.
2021-02-25 17:01:45.813 170130341 DEBUG Quisque iaculis neque sed velit posuere sodales.
2021-02-25 17:01:45.918 170130341 FATAL Phasellus feugiat dolor ac mollis facilisis.
2021-02-25 17:01:46.078 170130341 FATAL Sed nec ligula accumsan, ullamcorper nisi in, venenatis nulla.
2021-02-25 17:01:46.190 170130341 INFO Nulla vel augue id augue tincidunt porttitor.
2021-02-25 17:01:47.246 170130341 FATAL Suspendisse venenatis magna a vestibulum vestibulum.
2021-02-25 17:01:47.376 170130341 ERROR Curabitur eget mauris id tellus laoreet tristique id vitae quam.
2021-02-25 17:01:47.641 170130341 INFO Nulla nec orci interdum, convallis quam eget, eleifend nunc.
2021-02-25 17:01:47.751 170130341 WARN Curabitur sed ante eu massa lobortis maximus.
2021-02-25 17:01:47.839 170130341 DEBUG Ut dictum ex ut bibendum tincidunt.
2021-02-25 17:01:47.941 170130341 ERROR Fusce eget urna id metus egestas rhoncus.
2021-02-25 17:01:49.133 170130341 OFF Phasellus venenatis dolor vel gravida maximus.
2021-02-25 17:01:49.248 170130341 INFO Etiam eu tellus fringilla, mollis metus sed, tempus dolor.
2021-02-25 17:01:49.505 170130341 DEBUG Etiam eget tortor pulvinar, tincidunt diam sed, euismod velit.
2021-02-25 17:01:49.766 170130341 ERROR Phasellus elementum nisi a tortor sollicitudin, quis tempor lectus tincidunt.
2021-02-25 17:01:49.862 170130341 ERROR Vestibulum eu lorem consequat, tempor odio sodales, tristique nisl.
2021-02-25 17:01:50.159 170130341 WARN Quisque blandit dolor imperdiet bibendum facilisis.
2021-02-25 17:01:50.264 170130341 DEBUG Sed sollicitudin nunc scelerisque ex varius, vitae facilisis ipsum rutrum.
2021-02-25 17:01:50.371 170130341 ERROR In tincidunt orci vel odio laoreet, eu condimentum leo consectetur.
2021-02-25 17:01:50.492 170130341 ERROR Vestibulum egestas magna a massa rutrum, ut vehicula mi sodales.
2021-02-25 17:01:50.615 170130341 FATAL Phasellus maximus eros a tellus commodo rhoncus.
2021-02-25 17:01:50.722 170130341 DEBUG Suspendisse id tellus eu velit laoreet ultrices.
2021-02-25 17:01:50.840 170130341 FATAL Maecenas sit amet purus dapibus, malesuada ligula eget, hendrerit dolor.
2021-02-25 17:01:50.989 170130341 DEBUG Donec vitae neque imperdiet, interdum dolor at, condimentum massa.
2021-02-25 17:01:51.102 170130341 INFO Suspendisse et felis ut sapien accumsan porttitor.
2021-02-25 17:01:51.241 170130341 TRACE Vestibulum eu arcu at lacus elementum semper.
2021-02-25 17:01:51.360 170130341 FATAL Vivamus in ex ac purus bibendum molestie.
2021-02-25 17:01:51.529 170130341 INFO Cras facilisis elit ut suscipit pellentesque.
2021-02-25 17:01:51.664 170130341 FATAL Donec luctus neque a elit ultrices malesuada.
2021-02-25 17:01:51.771 170130341 DEBUG Ut porta erat id felis efficitur pulvinar.
2021-02-25 17:01:51.890 170130341 TRACE Etiam nec tortor id risus aliquam bibendum.
2021-02-25 17:01:52.042 170130341 DEBUG Pellentesque sed neque ut purus porttitor euismod eu et lorem.
2021-02-25 17:01:52.151 170130341 ERROR Phasellus pulvinar erat ac ante posuere, in porttitor sem vestibulum.
2021-02-25 17:01:52.277 170130341 INFO Integer eu enim varius, vehicula leo vel, molestie enim.
2021-02-25 17:01:52.367 170130341 INFO Sed non justo sed eros ultrices sodales.
2021-02-25 17:01:52.518 170130341 OFF Cras consectetur dui et dolor volutpat volutpat.
2021-02-25 17:01:52.628 170130341 DEBUG Maecenas hendrerit lorem sit amet nisl hendrerit iaculis.
2021-02-25 17:01:52.745 170130341 FATAL Proin at felis commodo, fermentum nibh ac, vestibulum odio.
2021-02-25 17:01:52.854 170130341 ERROR Fusce laoreet turpis ut gravida viverra.
2021-02-25 17:01:53.100 170130341 WARN Maecenas non erat rhoncus libero tincidunt fermentum sit amet eu elit.
2021-02-25 17:01:53.221 170130341 TRACE Duis placerat ex non venenatis feugiat.
2021-02-25 17:01:53.337 170130341 WARN Integer vel dui vel quam lobortis gravida.
2021-02-25 17:01:53.476 170130341 OFF Curabitur lacinia purus at turpis mattis, at eleifend tellus ornare.
2021-02-25 17:01:53.626 170130341 WARN Nam varius dui non magna mattis venenatis.
2021-02-25 17:02:53.243 170248820 ERROR Lorem ipsum dolor sit amet, consectetur adipiscing elit.
2021-02-25 17:02:53.355 170248820 DEBUG Cras mollis erat sed turpis porttitor fermentum.
2021-02-25 17:02:53.597 170248820 OFF Curabitur consequat massa id diam laoreet, eget vestibulum urna blandit.
2021-02-25 17:02:53.747 170248820 DEBUG Praesent ac lacus et nisi rhoncus mollis sit amet lacinia odio.
2021-02-25 17:02:53.852 170248820 ERROR Curabitur a tortor sed mauris ultricies sodales accumsan non turpis.
2021-02-25 17:02:53.948 170248820 WARN Phasellus at sem aliquam, cursus elit eu, luctus dolor.
2021-02-25 17:02:54.097 170248820 TRACE Cras sed mauris sed est bibendum vulputate.
2021-02-25 17:02:54.233 170248820 WARN Aenean semper libero a ligula mattis suscipit.
2021-02-25 17:02:54.358 170248820 DEBUG Nullam sagittis nulla quis mi pulvinar, at egestas eros maximus.
2021-02-25 17:02:54.465 170248820 WARN Ut finibus magna id fringilla scelerisque.
2021-02-25 17:02:54.616 170248820 TRACE Ut lacinia ante et tortor cursus, ac dignissim risus elementum.
2021-02-25 17:02:54.722 170248820 TRACE Integer ac lacus sagittis nisl rhoncus pulvinar.
2021-02-25 17:02:54.819 170248820 WARN Aenean et eros eu lectus varius aliquam quis in tortor.
2021-02-25 17:02:55.043 170248820 OFF Pellentesque congue est nec orci vulputate aliquam.
2021-02-25 17:02:56.136 170248820 DEBUG Sed in est eget nisi lacinia malesuada at a odio.
2021-02-25 17:02:56.257 170248820 DEBUG Duis commodo dui id fermentum mollis.
2021-02-25 17:02:56.365 170248820 TRACE Etiam a magna tempor, condimentum ligula eget, blandit lacus.
2021-02-25 17:02:56.472 170248820 OFF Aenean blandit metus bibendum urna maximus, a congue arcu semper.
2021-02-25 17:02:56.580 170248820 OFF Praesent ut purus et purus vestibulum feugiat a id nisi.
2021-02-25 17:02:56.702 170248820 FATAL Suspendisse vel felis convallis, sollicitudin enim eget, efficitur nulla.
2021-02-25 17:02:56.838 170248820 FATAL Quisque eu risus ac orci ultrices sollicitudin.
2021-02-25 17:02:56.935 170248820 FATAL In ultricies quam ac orci hendrerit semper.
2021-02-25 17:02:57.054 170248820 INFO Nam a sapien et ipsum volutpat tempus a fringilla quam.
2021-02-25 17:02:58.129 170248820 FATAL Quisque iaculis neque sed velit posuere sodales.
2021-02-25 17:02:58.267 170248820 FATAL Phasellus feugiat dolor ac mollis facilisis.
2021-02-25 17:02:58.373 170248820 TRACE Sed nec ligula accumsan, ullamcorper nisi in, venenatis nulla.
2021-02-25 17:02:58.526 170248820 OFF Nulla vel augue id augue tincidunt porttitor.
2021-02-25 17:02:58.643 170248820 OFF Suspendisse venenatis magna a vestibulum vestibulum.
2021-02-25 17:02:58.749 170248820 TRACE Curabitur eget mauris id tellus laoreet tristique id vitae quam.
2021-02-25 17:02:59.027 170248820 WARN Nulla nec orci interdum, convallis quam eget, eleifend nunc.
2021-02-25 17:02:59.155 170248820 INFO Curabitur sed ante eu massa lobortis maximus.
2021-02-25 17:02:59.261 170248820 DEBUG Ut dictum ex ut bibendum tincidunt.
2021-02-25 17:02:59.371 170248820 FATAL Fusce eget urna id metus egestas rhoncus.
2021-02-25 17:02:59.604 170248820 OFF Phasellus venenatis dolor vel gravida maximus.
2021-02-25 17:02:59.728 170248820 ERROR Etiam eu tellus fringilla, mollis metus sed, tempus dolor.
2021-02-25 17:02:59.817 170248820 WARN Pellentesque euismod tellus vitae dolor blandit sollicitudin.
2021-02-25 17:02:59.936 170248820 TRACE Etiam eget tortor pulvinar, tincidunt diam sed, euismod velit.
2021-02-25 17:03:00.040 170248820 ERROR Aliquam fringilla odio sit amet tincidunt vulputate.
2021-02-25 17:03:00.176 170248820 TRACE Phasellus elementum nisi a tortor sollicitudin, quis tempor lectus tincidunt.
2021-02-25 17:03:00.294 170248820 WARN Vestibulum eu lorem consequat, tempor odio sodales, tristique nisl.
2021-02-25 17:03:00.417 170248820 INFO Proin consequat velit sed tempor lacinia.
2021-02-25 17:03:00.586 170248820 INFO Quisque blandit dolor imperdiet bibendum facilisis.
2021-02-25 17:03:00.688 170248820 WARN Sed sollicitudin nunc scelerisque ex varius, vitae facilisis ipsum rutrum.
2021-02-25 17:03:00.844 170248820 WARN In tincidunt orci vel odio laoreet, eu condimentum leo consectetur.
2021-02-25 17:03:00.952 170248820 INFO Vestibulum egestas magna a massa rutrum, ut vehicula mi sodales.
2021-02-25 17:03:01.048 170248820 INFO Phasellus maximus eros a tellus commodo rhoncus.
2021-02-25 17:03:01.284 170248820 OFF Maecenas sit amet purus dapibus, malesuada ligula eget, hendrerit dolor.
2021-02-25 17:03:01.412 170248820 ERROR Donec vitae neque imperdiet, interdum dolor at, condimentum massa.
2021-02-25 17:03:01.684 170248820 WARN Vestibulum eu arcu at lacus elementum semper.
2021-02-25 17:03:02.791 170248820 TRACE Vivamus in ex ac purus bibendum molestie.
2021-02-25 17:03:02.917 170248820 ERROR Cras facilisis elit ut suscipit pellentesque.
2021-02-25 17:03:03.034 170248820 WARN Donec luctus neque a elit ultrices malesuada.
2021-02-25 17:03:03.200 170248820 WARN Ut porta erat id felis efficitur pulvinar.
2021-02-25 17:03:03.306 170248820 WARN Etiam nec tortor id risus aliquam bibendum.
2021-02-25 17:03:03.408 170248820 TRACE Pellentesque sed neque ut purus porttitor euismod eu et lorem.
2021-02-25 17:03:03.496 170248820 WARN Phasellus pulvinar erat ac ante posuere, in porttitor sem vestibulum.
2021-02-25 17:03:03.633 170248820 DEBUG Integer eu enim varius, vehicula leo vel, molestie enim.
2021-02-25 17:03:03.740 170248820 FATAL Sed non justo sed eros ultrices sodales.
2021-02-25 17:03:03.824 170248820 INFO Cras consectetur dui et dolor volutpat volutpat.
2021-02-25 17:03:03.983 170248820 INFO Maecenas hendrerit lorem sit amet nisl hendrerit iaculis.
2021-02-25 17:03:05.073 170248820 WARN Proin at felis commodo, fermentum nibh ac, vestibulum odio.
2021-02-25 17:03:05.217 170248820 FATAL Fusce laoreet turpis ut gravida viverra.
2021-02-25 17:03:05.332 170248820 INFO Praesent ut felis sit amet justo imperdiet pretium.
2021-02-25 17:03:05.437 170248820 WARN Maecenas non erat rhoncus libero tincidunt fermentum sit amet eu elit.
2021-02-25 17:03:05.589 170248820 OFF Duis placerat ex non venenatis feugiat.
2021-02-25 17:03:05.679 170248820 WARN Integer vel dui vel quam lobortis gravida.
2021-02-25 17:03:05.820 170248820 FATAL Curabitur lacinia purus at turpis mattis, at eleifend tellus ornare.
2021-02-25 17:03:06.879 170248820 ERROR Nam varius dui non magna mattis venenatis.
2021-02-25 17:05:07.158	170427105	TRACE	Lorem ipsum dolor sit amet, consectetur adipiscing elit.
2021-02-25 17:05:07.270	170427105	WARN	Cras mollis erat sed turpis porttitor fermentum.
2021-02-25 17:05:07.556	170427105	INFO	Curabitur consequat massa id diam laoreet, eget vestibulum urna blandit.
2021-02-25 17:05:07.668	170427105	FATAL	Praesent ac lacus et nisi rhoncus mollis sit amet lacinia odio.
2021-02-25 17:05:07.774	170427105	FATAL	Curabitur a tortor sed mauris ultricies sodales accumsan non turpis.
2021-02-25 17:05:07.891	170427105	INFO	Phasellus at sem aliquam, cursus elit eu, luctus dolor.
2021-02-25 17:05:07.982	170427105	WARN	Cras sed mauris sed est bibendum vulputate.
2021-02-25 17:05:08.153	170427105	DEBUG	Aenean semper libero a ligula mattis suscipit.
2021-02-25 17:05:08.262	170427105	OFF	Nullam sagittis nulla quis mi pulvinar, at egestas eros maximus.
2021-02-25 17:05:08.398	170427105	DEBUG	Ut finibus magna id fringilla scelerisque.
2021-02-25 17:05:08.522	170427105	DEBUG	Ut lacinia ante et tortor cursus, ac dignissim risus elementum.
2021-02-25 17:05:08.757	170438019	ERROR	Cras mollis erat sed turpis porttitor fermentum.
2021-02-25 17:05:08.881	170438019	WARN	Donec et dolor placerat, tempor elit et, hendrerit nibh.
2021-02-25 17:05:09.031	170438019	FATAL	Curabitur consequat massa id diam laoreet, eget vestibulum urna blandit.
2021-02-25 17:05:09.160	170438019	WARN	Praesent ac lacus et nisi rhoncus mollis sit amet lacinia odio.
2021-02-25 17:05:09.250	170438019	ERROR	Curabitur a tortor sed mauris ultricies sodales accumsan non turpis.
2021-02-25 17:05:09.448	170438019	FATAL	Cras sed mauris sed est bibendum vulputate.
2021-02-25 17:05:09.884	170444767	OFF	Lorem ipsum dolor sit amet, consectetur adipiscing elit.
2021-02-25 17:05:10.022	170444767	ERROR	Cras mollis erat sed turpis porttitor fermentum.
2021-02-25 17:05:10.135	170444767	WARN	Donec et dolor placerat, tempor elit et, hendrerit nibh.
2021-02-25 17:05:10.218	170444767	ERROR	Curabitur consequat massa id diam laoreet, eget vestibulum urna blandit.
2021-02-25 17:05:10.352	170444767	INFO	Praesent ac lacus et nisi rhoncus mollis sit amet lacinia odio.
2021-02-25 17:05:10.463	170444767	INFO	Curabitur a tortor sed mauris ultricies sodales accumsan non turpis.
2021-02-25 17:05:10.583	170438019	TRACE	Aenean semper libero a ligula mattis suscipit.
2021-02-25 17:05:10.713	170438019	ERROR	Nullam sagittis nulla quis mi pulvinar, at egestas eros maximus.
2021-02-25 17:05:10.991	170427105	WARN	Sed in est eget nisi lacinia malesuada at a odio.
2021-02-25 17:05:11.808	170438019	TRACE	Ut finibus magna id fringilla scelerisque.
2021-02-25 17:05:12.017	170444767	WARN	Ut finibus magna id fringilla scelerisque.
2021-02-25 17:05:12.157	170427105	WARN	Duis commodo dui id fermentum mollis.
2021-02-25 17:05:12.282	170444767	FATAL	Integer ac lacus sagittis nisl rhoncus pulvinar.
2021-02-25 17:05:12.389	170427105	INFO	Aenean blandit metus bibendum urna maximus, a congue arcu semper.
2021-02-25 17:05:12.501	170427105	ERROR	Praesent ut purus et purus vestibulum feugiat a id nisi.
2021-02-25 17:05:12.616	170427105	WARN	Suspendisse vel felis convallis, sollicitudin enim eget, efficitur nulla.
2021-02-25 17:05:12.722	170427105	DEBUG	Quisque eu risus ac orci ultrices sollicitudin.
2021-02-25 17:05:12.856	170427105	TRACE	In ultricies quam ac orci hendrerit semper.
2021-02-25 17:05:13.098	170427105	DEBUG	Quisque iaculis neque sed velit posuere sodales.
2021-02-25 17:05:13.254	170427105	OFF	Phasellus feugiat dolor ac mollis facilisis.
2021-02-25 17:05:13.478	170427105	OFF	Nulla vel augue id augue tincidunt porttitor.
2021-02-25 17:05:13.690	170427105	WARN	Curabitur eget mauris id tellus laoreet tristique id vitae quam.
2021-02-25 17:05:13.822	170427105	WARN	Proin scelerisque elit ut vestibulum eleifend.
2021-02-25 17:05:13.944	170427105	OFF	Nulla nec orci interdum, convallis quam eget, eleifend nunc.
2021-02-25 17:05:14.176	170427105	INFO	Ut dictum ex ut bibendum tincidunt.
2021-02-25 17:05:14.314	170427105	OFF	Fusce eget urna id metus egestas rhoncus.
2021-02-25 17:05:14.439	170427105	WARN	Vestibulum iaculis massa ac augue sollicitudin luctus.
2021-02-25 17:05:14.642	170427105	ERROR	Etiam eu tellus fringilla, mollis metus sed, tempus dolor.
2021-02-25 17:05:14.942	170438019	TRACE	Ut lacinia ante et tortor cursus, ac dignissim risus elementum.
2021-02-25 17:05:15.054	170438019	DEBUG	Integer ac lacus sagittis nisl rhoncus pulvinar.
2021-02-25 17:05:15.201	170438019	WARN	Aenean et eros eu lectus varius aliquam quis in tortor.
2021-02-25 17:05:15.349	170444767	FATAL	Aenean et eros eu lectus varius aliquam quis in tortor.
2021-02-25 17:05:16.023	170427105	FATAL	Aliquam fringilla odio sit amet tincidunt vulputate.
2021-02-25 17:05:16.155	170427105	ERROR	Phasellus elementum nisi a tortor sollicitudin, quis tempor lectus tincidunt.
2021-02-25 17:05:16.266	170427105	WARN	Vestibulum eu lorem consequat, tempor odio sodales, tristique nisl.
2021-02-25 17:05:16.416	170438019	ERROR	Pellentesque congue est nec orci vulputate aliquam.
2021-02-25 17:05:16.695	170438019	WARN	Duis commodo dui id fermentum mollis.
2021-02-25 17:05:16.843	170438019	TRACE	Etiam a magna tempor, condimentum ligula eget, blandit lacus.
2021-02-25 17:05:16.967	170438019	INFO	Aenean blandit metus bibendum urna maximus, a congue arcu semper.
2021-02-25 17:05:17.221	170438019	WARN	Suspendisse vel felis convallis, sollicitudin enim eget, efficitur nulla.
2021-02-25 17:05:17.373	170438019	WARN	Quisque eu risus ac orci ultrices sollicitudin.
2021-02-25 17:05:17.482	170427105	ERROR	Quisque blandit dolor imperdiet bibendum facilisis.
2021-02-25 17:05:17.626	170438019	ERROR	Nam a sapien et ipsum volutpat tempus a fringilla quam.
2021-02-25 17:05:17.827	170438019	ERROR	Phasellus feugiat dolor ac mollis facilisis.
2021-02-25 17:05:18.058	170438019	INFO	Nulla vel augue id augue tincidunt porttitor.
2021-02-25 17:05:18.203	170438019	FATAL	Suspendisse venenatis magna a vestibulum vestibulum.
2021-02-25 17:05:18.291	170438019	INFO	Curabitur eget mauris id tellus laoreet tristique id vitae quam.
2021-02-25 17:05:18.420	170438019	INFO	Proin scelerisque elit ut vestibulum eleifend.
2021-02-25 17:05:18.808	170438019	WARN	Ut dictum ex ut bibendum tincidunt.
2021-02-25 17:05:18.915	170438019	ERROR	Fusce eget urna id metus egestas rhoncus.
2021-02-25 17:05:19.023	170438019	OFF	Vestibulum iaculis massa ac augue sollicitudin luctus.
2021-02-25 17:05:19.148	170438019	TRACE	Phasellus venenatis dolor vel gravida maximus.
2021-02-25 17:05:19.398	170438019	TRACE	Pellentesque euismod tellus vitae dolor blandit sollicitudin.
2021-02-25 17:05:19.520	170438019	TRACE	Etiam eget tortor pulvinar, tincidunt diam sed, euismod velit.
2021-02-25 17:05:19.605	170438019	INFO	Aliquam fringilla odio sit amet tincidunt vulputate.
2021-02-25 17:05:19.735	170438019	FATAL	Phasellus elementum nisi a tortor sollicitudin, quis tempor lectus tincidunt.
2021-02-25 17:05:19.821	170438019	ERROR	Vestibulum eu lorem consequat, tempor odio sodales, tristique nisl.
2021-02-25 17:05:20.030	170438019	FATAL	Quisque blandit dolor imperdiet bibendum facilisis.
2021-02-25 17:05:20.128	170438019	INFO	Sed sollicitudin nunc scelerisque ex varius, vitae facilisis ipsum rutrum.
2021-02-25 17:05:20.243	170438019	TRACE	In tincidunt orci vel odio laoreet, eu condimentum leo consectetur.
2021-02-25 17:05:20.370	170438019	TRACE	Vestibulum egestas magna a massa rutrum, ut vehicula mi sodales.
2021-02-25 17:05:20.484	170438019	INFO	Phasellus maximus eros a tellus commodo rhoncus.
2021-02-25 17:05:20.741	170438019	TRACE	Maecenas sit amet purus dapibus, malesuada ligula eget, hendrerit dolor.
2021-02-25 17:05:20.851	170438019	DEBUG	Donec vitae neque imperdiet, interdum dolor at, condimentum massa.
2021-02-25 17:05:20.979	170438019	WARN	Suspendisse et felis ut sapien accumsan porttitor.
2021-02-25 17:05:21.074	170438019	WARN	Vestibulum eu arcu at lacus elementum semper.
2021-02-25 17:05:21.198	170438019	INFO	Vivamus in ex ac purus bibendum molestie.
2021-02-25 17:05:21.454	170438019	OFF	Donec luctus neque a elit ultrices malesuada.
2021-02-25 17:05:21.646	170427105	FATAL	In tincidunt orci vel odio laoreet, eu condimentum leo consectetur.
2021-02-25 17:05:21.768	170427105	INFO	Vestibulum egestas magna a massa rutrum, ut vehicula mi sodales.
2021-02-25 17:05:22.019	170427105	INFO	Suspendisse id tellus eu velit laoreet ultrices.
2021-02-25 17:05:22.126	170427105	TRACE	Maecenas sit amet purus dapibus, malesuada ligula eget, hendrerit dolor.
2021-02-25 17:05:22.228	170427105	ERROR	Donec vitae neque imperdiet, interdum dolor at, condimentum massa.
2021-02-25 17:05:22.355	170427105	FATAL	Suspendisse et felis ut sapien accumsan porttitor.
2021-02-25 17:05:22.593	170427105	ERROR	Vivamus in ex ac purus bibendum molestie.
2021-02-25 17:05:22.717	170427105	INFO	Cras facilisis elit ut suscipit pellentesque.
2021-02-25 17:05:22.825	170427105	DEBUG	Donec luctus neque a elit ultrices malesuada.
2021-02-25 17:05:22.951	170427105	DEBUG	Ut porta erat id felis efficitur pulvinar.
2021-02-25 17:05:23.061	170427105	ERROR	Etiam nec tortor id risus aliquam bibendum.
2021-02-25 17:05:23.205	170427105	OFF	Pellentesque sed neque ut purus porttitor euismod eu et lorem.
2021-02-25 17:05:23.293	170427105	DEBUG	Phasellus pulvinar erat ac ante posuere, in porttitor sem vestibulum.
2021-02-25 17:05:23.426	170427105	FATAL	Integer eu enim varius, vehicula leo vel, molestie enim.
2021-02-25 17:05:23.538	170427105	DEBUG	Sed non justo sed eros ultrices sodales.
2021-02-25 17:05:23.671	170427105	INFO	Cras consectetur dui et dolor volutpat volutpat.
2021-02-25 17:05:23.792	170427105	FATAL	Maecenas hendrerit lorem sit amet nisl hendrerit iaculis.
2021-02-25 17:05:23.914	170427105	WARN	Proin at felis commodo, fermentum nibh ac, vestibulum odio.
2021-02-25 17:05:24.039	170427105	INFO	Fusce laoreet turpis ut gravida viverra.
2021-02-25 17:05:24.185	170427105	ERROR	Praesent ut felis sit amet justo imperdiet pretium.
2021-02-25 17:05:24.299	170427105	OFF	Maecenas non erat rhoncus libero tincidunt fermentum sit amet eu elit.
2021-02-25 17:05:24.421	170427105	INFO	Duis placerat ex non venenatis feugiat.
2021-02-25 17:05:24.656	170427105	TRACE	Curabitur lacinia purus at turpis mattis, at eleifend tellus ornare.
2021-02-25 17:05:25.712	170444767	WARN	Sed in est eget nisi lacinia malesuada at a odio.
2021-02-25 17:05:25.836	170444767	DEBUG	Duis commodo dui id fermentum mollis.
2021-02-25 17:05:25.967	170444767	TRACE	Etiam a magna tempor, condimentum ligula eget, blandit lacus.
2021-02-25 17:05:26.101	170444767	INFO	Aenean blandit metus bibendum urna maximus, a congue arcu semper.
2021-02-25 17:05:26.239	170444767	FATAL	Praesent ut purus et purus vestibulum feugiat a id nisi.
2021-02-25 17:05:26.395	170444767	INFO	Suspendisse vel felis convallis, sollicitudin enim eget, efficitur nulla.
2021-02-25 17:05:26.502	170444767	OFF	Quisque eu risus ac orci ultrices sollicitudin.
2021-02-25 17:05:26.592	170444767	FATAL	In ultricies quam ac orci hendrerit semper.
2021-02-25 17:05:26.698	170444767	DEBUG	Nam a sapien et ipsum volutpat tempus a fringilla quam.
2021-02-25 17:05:26.807	170444767	ERROR	Quisque iaculis neque sed velit posuere sodales.
2021-02-25 17:05:26.891	170444767	TRACE	Phasellus feugiat dolor ac mollis facilisis.
2021-02-25 17:05:27.030	170444767	ERROR	Sed nec ligula accumsan, ullamcorper nisi in, venenatis nulla.
2021-02-25 17:05:27.662	170438019	WARN	Etiam nec tortor id risus aliquam bibendum.
2021-02-25 17:05:28.229	170444767	INFO	Suspendisse venenatis magna a vestibulum vestibulum.
2021-02-25 17:05:29.264	170438019	INFO	Cras consectetur dui et dolor volutpat volutpat.
2021-02-25 17:05:29.394	170438019	FATAL	Maecenas hendrerit lorem sit amet nisl hendrerit iaculis.
2021-02-25 17:05:29.517	170438019	DEBUG	Proin at felis commodo, fermentum nibh ac, vestibulum odio.
2021-02-25 17:05:29.621	170438019	DEBUG	Fusce laoreet turpis ut gravida viverra.
2021-02-25 17:05:29.725	170438019	TRACE	Praesent ut felis sit amet justo imperdiet pretium.
2021-02-25 17:05:29.812	170438019	INFO	Maecenas non erat rhoncus libero tincidunt fermentum sit amet eu elit.
2021-02-25 17:05:29.922	170438019	FATAL	Duis placerat ex non venenatis feugiat.
2021-02-25 17:05:30.206	170438019	INFO	Curabitur lacinia purus at turpis mattis, at eleifend tellus ornare.
2021-02-25 17:05:30.357	170438019	TRACE	Nam varius dui non magna mattis venenatis.
2021-02-25 17:05:31.429	170444767	WARN	Proin scelerisque elit ut vestibulum eleifend.
2021-02-25 17:05:32.519	170444767	FATAL	Nulla nec orci interdum, convallis quam eget, eleifend nunc.
2021-02-25 17:05:32.629	170444767	DEBUG	Curabitur sed ante eu massa lobortis maximus.
2021-02-25 17:05:32.744	170444767	OFF	Ut dictum ex ut bibendum tincidunt.
2021-02-25 17:05:32.864	170444767	DEBUG	Fusce eget urna id metus egestas rhoncus.
2021-02-25 17:05:32.990	170444767	TRACE	Vestibulum iaculis massa ac augue sollicitudin luctus.
2021-02-25 17:05:33.359	170444767	WARN	Pellentesque euismod tellus vitae dolor blandit sollicitudin.
2021-02-25 17:05:33.586	170444767	OFF	Aliquam fringilla odio sit amet tincidunt vulputate.
2021-02-25 17:05:33.722	170444767	TRACE	Phasellus elementum nisi a tortor sollicitudin, quis tempor lectus tincidunt.
2021-02-25 17:05:33.837	170444767	WARN	Vestibulum eu lorem consequat, tempor odio sodales, tristique nisl.
2021-02-25 17:05:33.960	170444767	INFO	Proin consequat velit sed tempor lacinia.
2021-02-25 17:05:34.068	170444767	DEBUG	Quisque blandit dolor imperdiet bibendum facilisis.
2021-02-25 17:05:34.360	170444767	INFO	In tincidunt orci vel odio laoreet, eu condimentum leo consectetur.
2021-02-25 17:05:34.456	170444767	FATAL	Vestibulum egestas magna a massa rutrum, ut vehicula mi sodales.
2021-02-25 17:05:34.720	170444767	ERROR	Suspendisse id tellus eu velit laoreet ultrices.
2021-02-25 17:05:34.920	170444767	TRACE	Maecenas sit amet purus dapibus, malesuada ligula eget, hendrerit dolor.
2021-02-25 17:05:35.049	170444767	OFF	Donec vitae neque imperdiet, interdum dolor at, condimentum massa.
2021-02-25 17:05:35.183	170444767	INFO	Suspendisse et felis ut sapien accumsan porttitor.
2021-02-25 17:05:35.296	170444767	TRACE	Vestibulum eu arcu at lacus elementum semper.
2021-02-25 17:05:35.397	170444767	ERROR	Vivamus in ex ac purus bibendum molestie.
2021-02-25 17:05:35.520	170444767	OFF	Cras facilisis elit ut suscipit pellentesque.
2021-02-25 17:05:35.633	170444767	OFF	Donec luctus neque a elit ultrices malesuada.
2021-02-25 17:05:35.747	170444767	WARN	Ut porta erat id felis efficitur pulvinar.
2021-02-25 17:05:35.842	170444767	OFF	Etiam nec tortor id risus aliquam bibendum.
2021-02-25 17:05:35.987	170444767	INFO	Pellentesque sed neque ut purus porttitor euismod eu et lorem.
2021-02-25 17:05:36.090	170444767	TRACE	Phasellus pulvinar erat ac ante posuere, in porttitor sem vestibulum.
2021-02-25 17:05:36.241	170444767	INFO	Integer eu enim varius, vehicula leo vel, molestie enim.
2021-02-25 17:05:36.362	170444767	ERROR	Sed non justo sed eros ultrices sodales.
2021-02-25 17:05:36.455	170444767	ERROR	Cras consectetur dui et dolor volutpat volutpat.
2021-02-25 17:05:36.628	170444767	TRACE	Maecenas hendrerit lorem sit amet nisl hendrerit iaculis.
2021-02-25 17:05:36.743	170444767	DEBUG	Proin at felis commodo, fermentum nibh ac, vestibulum odio.
2021-02-25 17:05:36.838	170444767	WARN	Fusce laoreet turpis ut gravida viverra.
2021-02-25 17:05:36.988	170444767	TRACE	Praesent ut felis sit amet justo imperdiet pretium.
2021-02-25 17:05:37.097	170444767	DEBUG	Maecenas non erat rhoncus libero tincidunt fermentum sit amet eu elit.
2021-02-25 17:05:37.333	170444767	WARN	Integer vel dui vel quam lobortis gravida.
2021-02-25 17:05:37.472	170444767	DEBUG	Curabitur lacinia purus at turpis mattis, at eleifend tellus ornare.
2021-02-25 17:05:37.581	170444767	ERROR	Nam varius dui non magna mattis venenatis.
